<?xml version="1.0" encoding="UTF-8"?>
<testng-results ignored="0" total="1" passed="1" failed="0" skipped="0">
  <reporter-output>
  </reporter-output>
  <suite started-at="2023-06-16T05:36:26 EDT" name="Default suite" finished-at="2023-06-16T05:37:02 EDT" duration-ms="36176">
    <groups>
    </groups>
    <test started-at="2023-06-16T05:36:26 EDT" name="Default test" finished-at="2023-06-16T05:37:02 EDT" duration-ms="36176">
      <class name="testLayer.SortFilterPageTest">
        <test-method is-config="true" signature="initsetup()[pri:0, instance:testLayer.SortFilterPageTest@72967906]" started-at="2023-06-16T05:36:26 EDT" name="initsetup" finished-at="2023-06-16T05:36:37 EDT" duration-ms="11431" status="PASS">
          <reporter-output>
          </reporter-output>
        </test-method> <!-- initsetup -->
        <test-method signature="pagination()[pri:1, instance:testLayer.SortFilterPageTest@72967906]" started-at="2023-06-16T05:36:37 EDT" name="pagination" finished-at="2023-06-16T05:37:01 EDT" duration-ms="23892" status="PASS">
          <reporter-output>
          </reporter-output>
        </test-method> <!-- pagination -->
        <test-method is-config="true" signature="close()[pri:0, instance:testLayer.SortFilterPageTest@72967906]" started-at="2023-06-16T05:37:01 EDT" name="close" finished-at="2023-06-16T05:37:02 EDT" duration-ms="803" status="PASS">
          <reporter-output>
          </reporter-output>
        </test-method> <!-- close -->
      </class> <!-- testLayer.SortFilterPageTest -->
    </test> <!-- Default test -->
  </suite> <!-- Default suite -->
</testng-results>
